#
# There is insufficient memory for the Java Runtime Environment to continue.
# Native memory allocation (malloc) failed to allocate 1425456 bytes. Error detail: Chunk::new
# Possible reasons:
#   The system is out of physical RAM or swap space
#   This process is running with CompressedOops enabled, and the Java Heap may be blocking the growth of the native heap
# Possible solutions:
#   Reduce memory load on the system
#   Increase physical memory or swap space
#   Check if swap backing store is full
#   Decrease Java heap size (-Xmx/-Xms)
#   Decrease number of Java threads
#   Decrease Java thread stack sizes (-Xss)
#   Set larger code cache with -XX:ReservedCodeCacheSize=
#   JVM is running with Zero Based Compressed Oops mode in which the Java heap is
#     placed in the first 32GB address space. The Java Heap base address is the
#     maximum limit for the native heap growth. Please use -XX:HeapBaseMinAddress
#     to set the Java Heap base and to place the Java Heap above 32GB virtual address.
# This output file may be truncated or incomplete.
#
#  Out of Memory Error (arena.cpp:150), pid=27916, tid=20224
#
# JRE version: OpenJDK Runtime Environment (22.0+36) (build 22+36-2370)
# Java VM: OpenJDK 64-Bit Server VM (22+36-2370, mixed mode, sharing, tiered, compressed oops, compressed class ptrs, g1 gc, windows-amd64)
# No core dump will be written. Minidumps are not enabled by default on client versions of Windows
#

---------------  S U M M A R Y ------------

Command Line: -javaagent:C:\Program Files\JetBrains\IntelliJ IDEA Community Edition 2024.1.1\lib\idea_rt.jar=55874:C:\Program Files\JetBrains\IntelliJ IDEA Community Edition 2024.1.1\bin -Dfile.encoding=UTF-8 -Dsun.stdout.encoding=UTF-8 -Dsun.stderr.encoding=UTF-8 com.bezkoder.springjwt.SpringBootSecurityJwtApplication

Host: 13th Gen Intel(R) Core(TM) i5-1335U, 12 cores, 23G,  Windows 11 , 64 bit Build 22621 (10.0.22621.3672)
Time: Tue Jun 25 15:06:41 2024 Afr. centrale Ouest elapsed time: 1842.491148 seconds (0d 0h 30m 42s)

---------------  T H R E A D  ---------------

Current thread (0x00000207ec484410):  JavaThread "C2 CompilerThread1" daemon [_thread_in_native, id=20224, stack(0x00000013efd00000,0x00000013efe00000) (1024K)]


Current CompileTask:
C2:1842491 17298 % !   4       org.springframework.messaging.simp.stomp.StompDecoder::readHeaders @ 14 (184 bytes)

Stack: [0x00000013efd00000,0x00000013efe00000]
Native frames: (J=compiled Java code, j=interpreted, Vv=VM code, C=native code)
V  [jvm.dll+0x6e2349]  (no source info available)
V  [jvm.dll+0x874ed3]  (no source info available)
V  [jvm.dll+0x8772fe]  (no source info available)
V  [jvm.dll+0x8779d3]  (no source info available)
V  [jvm.dll+0x27fcb6]  (no source info available)
V  [jvm.dll+0xc3d0f]  (no source info available)
V  [jvm.dll+0xc3f6b]  (no source info available)
V  [jvm.dll+0x3bb022]  (no source info available)
V  [jvm.dll+0x387abb]  (no source info available)
V  [jvm.dll+0x386f2a]  (no source info available)
V  [jvm.dll+0x247908]  (no source info available)
V  [jvm.dll+0x246faf]  (no source info available)
V  [jvm.dll+0x1c4e90]  (no source info available)
V  [jvm.dll+0x25699e]  (no source info available)
V  [jvm.dll+0x254c5a]  (no source info available)
V  [jvm.dll+0x3f5426]  (no source info available)
V  [jvm.dll+0x81d50b]  (no source info available)
V  [jvm.dll+0x6e09e5]  (no source info available)
C  [ucrtbase.dll+0x29333]  (no source info available)
C  [KERNEL32.DLL+0x1257d]  (no source info available)
C  [ntdll.dll+0x5af28]  (no source info available)


---------------  P R O C E S S  ---------------

Threads class SMR info:
_java_thread_list=0x00000207f2777650, length=92, elements={
0x00000207a64de610, 0x00000207a64df530, 0x00000207a64e21a0, 0x00000207a64e2e00,
0x00000207a64e5970, 0x00000207a64e73e0, 0x00000207a64e8170, 0x00000207a64e8d50,
0x00000207a6a3b900, 0x00000207ec1b53c0, 0x00000207ec1b5a30, 0x00000207f0c96290,
0x00000207ec244f30, 0x00000207ef32b970, 0x00000207ee1c3c70, 0x00000207ed1db4f0,
0x00000207ecdf1e10, 0x00000207ef753790, 0x00000207ef74e8d0, 0x00000207ef74ef60,
0x00000207ef74dbb0, 0x00000207ef7516c0, 0x00000207ef751d50, 0x00000207ef7523e0,
0x00000207ef74f5f0, 0x00000207ef7551d0, 0x00000207ef74fc80, 0x00000207ef7509a0,
0x00000207ef751030, 0x00000207ecdf24a0, 0x00000207eee84880, 0x00000207eee806e0,
0x00000207eee85c30, 0x00000207eee81400, 0x00000207eee86fe0, 0x00000207eee83b60,
0x00000207ec7149c0, 0x00000207ec719880, 0x00000207eee862c0, 0x00000207eee81a90,
0x00000207ec714330, 0x00000207ec7184d0, 0x00000207ec715050, 0x00000207ec715d70,
0x00000207ec713610, 0x00000207ec7177b0, 0x00000207ec7191f0, 0x00000207ec716a90,
0x00000207ec719f10, 0x00000207ec713ca0, 0x00000207ec717120, 0x00000207f216b050,
0x00000207f216eb60, 0x00000207f21688f0, 0x00000207f216f1f0, 0x00000207f216d120,
0x00000207f2169ca0, 0x00000207f216d7b0, 0x00000207f216de40, 0x00000207f216a9c0,
0x00000207f216e4d0, 0x00000207f2168260, 0x00000207f216c400, 0x00000207f2168f80,
0x00000207f216f880, 0x00000207f2169610, 0x00000207f216b6e0, 0x00000207f216bd70,
0x00000207f216ca90, 0x00000207a6ae70f0, 0x00000207a6ae5d40, 0x00000207a6ae8b30,
0x00000207a6ae91c0, 0x00000207a6aed360, 0x00000207a6aeac00, 0x00000207a6ae7780,
0x00000207a6ae7e10, 0x00000207a6ae84a0, 0x00000207a6ae9850, 0x00000207a6ae6a60,
0x00000207a6aebfb0, 0x00000207a6ae9ee0, 0x00000207a6aea570, 0x00000207a6aeb920,
0x00000207eee86950, 0x00000207eee827b0, 0x00000207eee82120, 0x00000207eee834d0,
0x00000207eee84f10, 0x00000207eee855a0, 0x00000207eee841f0, 0x00000207ec484410
}

Java Threads: ( => current thread )
  0x00000207a64de610 JavaThread "Reference Handler"          daemon [_thread_blocked, id=21432, stack(0x00000013ea100000,0x00000013ea200000) (1024K)]
  0x00000207a64df530 JavaThread "Finalizer"                  daemon [_thread_blocked, id=30624, stack(0x00000013ea200000,0x00000013ea300000) (1024K)]
  0x00000207a64e21a0 JavaThread "Signal Dispatcher"          daemon [_thread_blocked, id=24268, stack(0x00000013ea300000,0x00000013ea400000) (1024K)]
  0x00000207a64e2e00 JavaThread "Attach Listener"            daemon [_thread_blocked, id=32380, stack(0x00000013ea400000,0x00000013ea500000) (1024K)]
  0x00000207a64e5970 JavaThread "Service Thread"             daemon [_thread_blocked, id=22952, stack(0x00000013ea500000,0x00000013ea600000) (1024K)]
  0x00000207a64e73e0 JavaThread "Monitor Deflation Thread"   daemon [_thread_blocked, id=20232, stack(0x00000013ea600000,0x00000013ea700000) (1024K)]
  0x00000207a64e8170 JavaThread "C2 CompilerThread0"         daemon [_thread_blocked, id=16208, stack(0x00000013ea700000,0x00000013ea800000) (1024K)]
  0x00000207a64e8d50 JavaThread "C1 CompilerThread0"         daemon [_thread_blocked, id=33664, stack(0x00000013ea800000,0x00000013ea900000) (1024K)]
  0x00000207a6a3b900 JavaThread "Common-Cleaner"             daemon [_thread_blocked, id=22716, stack(0x00000013ea900000,0x00000013eaa00000) (1024K)]
  0x00000207ec1b53c0 JavaThread "Monitor Ctrl-Break"         daemon [_thread_in_native, id=13064, stack(0x00000013eaa00000,0x00000013eab00000) (1024K)]
  0x00000207ec1b5a30 JavaThread "Notification Thread"        daemon [_thread_blocked, id=30596, stack(0x00000013eab00000,0x00000013eac00000) (1024K)]
  0x00000207f0c96290 JavaThread "mysql-cj-abandoned-connection-cleanup" daemon [_thread_blocked, id=30664, stack(0x00000013eb900000,0x00000013eba00000) (1024K)]
  0x00000207ec244f30 JavaThread "HikariPool-1 housekeeper"   daemon [_thread_blocked, id=12564, stack(0x00000013ebb00000,0x00000013ebc00000) (1024K)]
  0x00000207ef32b970 JavaThread "Catalina-utility-1"                [_thread_blocked, id=33100, stack(0x00000013ebd00000,0x00000013ebe00000) (1024K)]
  0x00000207ee1c3c70 JavaThread "Catalina-utility-2"                [_thread_blocked, id=23540, stack(0x00000013ebe00000,0x00000013ebf00000) (1024K)]
  0x00000207ed1db4f0 JavaThread "container-0"                       [_thread_blocked, id=12100, stack(0x00000013ebf00000,0x00000013ec000000) (1024K)]
  0x00000207ecdf1e10 JavaThread "MessageBroker-1"                   [_thread_blocked, id=29544, stack(0x00000013ec000000,0x00000013ec100000) (1024K)]
  0x00000207ef753790 JavaThread "http-nio-8080-BlockPoller"  daemon [_thread_in_native, id=20368, stack(0x00000013ec100000,0x00000013ec200000) (1024K)]
  0x00000207ef74e8d0 JavaThread "http-nio-8080-exec-4"       daemon [_thread_blocked, id=25612, stack(0x00000013ec500000,0x00000013ec600000) (1024K)]
  0x00000207ef74ef60 JavaThread "http-nio-8080-exec-5"       daemon [_thread_blocked, id=33656, stack(0x00000013ec600000,0x00000013ec700000) (1024K)]
  0x00000207ef74dbb0 JavaThread "http-nio-8080-exec-7"       daemon [_thread_blocked, id=26604, stack(0x00000013ec800000,0x00000013ec900000) (1024K)]
  0x00000207ef7516c0 JavaThread "http-nio-8080-exec-8"       daemon [_thread_blocked, id=33980, stack(0x00000013ec900000,0x00000013eca00000) (1024K)]
  0x00000207ef751d50 JavaThread "http-nio-8080-exec-9"       daemon [_thread_blocked, id=9800, stack(0x00000013eca00000,0x00000013ecb00000) (1024K)]
  0x00000207ef7523e0 JavaThread "http-nio-8080-exec-10"      daemon [_thread_in_native, id=31264, stack(0x00000013ecb00000,0x00000013ecc00000) (1024K)]
  0x00000207ef74f5f0 JavaThread "http-nio-8080-ClientPoller" daemon [_thread_in_native, id=10760, stack(0x00000013ecc00000,0x00000013ecd00000) (1024K)]
  0x00000207ef7551d0 JavaThread "http-nio-8080-Acceptor"     daemon [_thread_in_native, id=16760, stack(0x00000013ecd00000,0x00000013ece00000) (1024K)]
  0x00000207ef74fc80 JavaThread "DestroyJavaVM"                     [_thread_blocked, id=30100, stack(0x00000013e9900000,0x00000013e9a00000) (1024K)]
  0x00000207ef7509a0 JavaThread "MessageBroker-3"                   [_thread_blocked, id=26312, stack(0x00000013ead00000,0x00000013eae00000) (1024K)]
  0x00000207ef751030 JavaThread "MessageBroker-2"                   [_thread_blocked, id=31800, stack(0x00000013ebc00000,0x00000013ebd00000) (1024K)]
  0x00000207ecdf24a0 JavaThread "MessageBroker-5"                   [_thread_blocked, id=17820, stack(0x00000013ed000000,0x00000013ed100000) (1024K)]
  0x00000207eee84880 JavaThread "MessageBroker-4"                   [_thread_blocked, id=32468, stack(0x00000013ed100000,0x00000013ed200000) (1024K)]
  0x00000207eee806e0 JavaThread "MessageBroker-6"                   [_thread_blocked, id=22768, stack(0x00000013ed200000,0x00000013ed300000) (1024K)]
  0x00000207eee85c30 JavaThread "MessageBroker-7"                   [_thread_blocked, id=28040, stack(0x00000013ed400000,0x00000013ed500000) (1024K)]
  0x00000207eee81400 JavaThread "MessageBroker-8"                   [_thread_blocked, id=8348, stack(0x00000013ed500000,0x00000013ed600000) (1024K)]
  0x00000207eee86fe0 JavaThread "MessageBroker-9"                   [_thread_blocked, id=2560, stack(0x00000013ed600000,0x00000013ed700000) (1024K)]
  0x00000207eee83b60 JavaThread "MessageBroker-12"                  [_thread_blocked, id=10056, stack(0x00000013ee300000,0x00000013ee400000) (1024K)]
  0x00000207ec7149c0 JavaThread "MessageBroker-11"                  [_thread_blocked, id=32504, stack(0x00000013ee400000,0x00000013ee500000) (1024K)]
  0x00000207ec719880 JavaThread "MessageBroker-10"                  [_thread_blocked, id=29712, stack(0x00000013ee500000,0x00000013ee600000) (1024K)]
  0x00000207eee862c0 JavaThread "http-nio-8080-exec-11"      daemon [_thread_blocked, id=9012, stack(0x00000013ef900000,0x00000013efa00000) (1024K)]
  0x00000207eee81a90 JavaThread "http-nio-8080-exec-12"      daemon [_thread_blocked, id=3484, stack(0x00000013efa00000,0x00000013efb00000) (1024K)]
  0x00000207ec714330 JavaThread "http-nio-8080-exec-16"      daemon [_thread_blocked, id=33056, stack(0x00000013f0900000,0x00000013f0a00000) (1024K)]
  0x00000207ec7184d0 JavaThread "http-nio-8080-exec-18"      daemon [_thread_blocked, id=5716, stack(0x00000013f0c00000,0x00000013f0d00000) (1024K)]
  0x00000207ec715050 JavaThread "clientInboundChannel-178"          [_thread_blocked, id=18204, stack(0x00000013e9700000,0x00000013e9800000) (1024K)]
  0x00000207ec715d70 JavaThread "clientInboundChannel-179"          [_thread_blocked, id=14720, stack(0x00000013e9800000,0x00000013e9900000) (1024K)]
  0x00000207ec713610 JavaThread "clientInboundChannel-180"          [_thread_blocked, id=28576, stack(0x00000013eba00000,0x00000013ebb00000) (1024K)]
  0x00000207ec7177b0 JavaThread "clientInboundChannel-181"          [_thread_blocked, id=25516, stack(0x00000013ec200000,0x00000013ec300000) (1024K)]
  0x00000207ec7191f0 JavaThread "clientInboundChannel-182"          [_thread_blocked, id=14648, stack(0x00000013ec300000,0x00000013ec400000) (1024K)]
  0x00000207ec716a90 JavaThread "clientInboundChannel-183"          [_thread_blocked, id=6764, stack(0x00000013ec400000,0x00000013ec500000) (1024K)]
  0x00000207ec719f10 JavaThread "clientOutboundChannel-214"         [_thread_blocked, id=13496, stack(0x00000013ec700000,0x00000013ec800000) (1024K)]
  0x00000207ec713ca0 JavaThread "clientOutboundChannel-215"         [_thread_blocked, id=33888, stack(0x00000013ece00000,0x00000013ecf00000) (1024K)]
  0x00000207ec717120 JavaThread "clientInboundChannel-184"          [_thread_blocked, id=13100, stack(0x00000013ecf00000,0x00000013ed000000) (1024K)]
  0x00000207f216b050 JavaThread "clientInboundChannel-185"          [_thread_blocked, id=4940, stack(0x00000013ed300000,0x00000013ed400000) (1024K)]
  0x00000207f216eb60 JavaThread "clientInboundChannel-186"          [_thread_blocked, id=25088, stack(0x00000013ed700000,0x00000013ed800000) (1024K)]
  0x00000207f21688f0 JavaThread "clientOutboundChannel-216"         [_thread_blocked, id=26052, stack(0x00000013ed800000,0x00000013ed900000) (1024K)]
  0x00000207f216f1f0 JavaThread "clientInboundChannel-187"          [_thread_blocked, id=4904, stack(0x00000013ed900000,0x00000013eda00000) (1024K)]
  0x00000207f216d120 JavaThread "clientInboundChannel-189"          [_thread_blocked, id=15928, stack(0x00000013eda00000,0x00000013edb00000) (1024K)]
  0x00000207f2169ca0 JavaThread "clientInboundChannel-188"          [_thread_blocked, id=9076, stack(0x00000013edb00000,0x00000013edc00000) (1024K)]
  0x00000207f216d7b0 JavaThread "clientInboundChannel-190"          [_thread_blocked, id=10216, stack(0x00000013edc00000,0x00000013edd00000) (1024K)]
  0x00000207f216de40 JavaThread "clientInboundChannel-193"          [_thread_blocked, id=28008, stack(0x00000013edd00000,0x00000013ede00000) (1024K)]
  0x00000207f216a9c0 JavaThread "clientInboundChannel-191"          [_thread_blocked, id=30684, stack(0x00000013ede00000,0x00000013edf00000) (1024K)]
  0x00000207f216e4d0 JavaThread "clientOutboundChannel-217"         [_thread_blocked, id=20820, stack(0x00000013edf00000,0x00000013ee000000) (1024K)]
  0x00000207f2168260 JavaThread "clientInboundChannel-192"          [_thread_blocked, id=28344, stack(0x00000013ee000000,0x00000013ee100000) (1024K)]
  0x00000207f216c400 JavaThread "clientInboundChannel-194"          [_thread_blocked, id=30136, stack(0x00000013ee100000,0x00000013ee200000) (1024K)]
  0x00000207f2168f80 JavaThread "clientInboundChannel-195"          [_thread_blocked, id=20780, stack(0x00000013ee200000,0x00000013ee300000) (1024K)]
  0x00000207f216f880 JavaThread "clientOutboundChannel-218"         [_thread_blocked, id=26568, stack(0x00000013ee600000,0x00000013ee700000) (1024K)]
  0x00000207f2169610 JavaThread "clientOutboundChannel-219"         [_thread_blocked, id=6616, stack(0x00000013ee700000,0x00000013ee800000) (1024K)]
  0x00000207f216b6e0 JavaThread "clientInboundChannel-196"          [_thread_blocked, id=28292, stack(0x00000013ee800000,0x00000013ee900000) (1024K)]
  0x00000207f216bd70 JavaThread "clientInboundChannel-198"          [_thread_blocked, id=20588, stack(0x00000013ee900000,0x00000013eea00000) (1024K)]
  0x00000207f216ca90 JavaThread "clientInboundChannel-199"          [_thread_blocked, id=26408, stack(0x00000013eea00000,0x00000013eeb00000) (1024K)]
  0x00000207a6ae70f0 JavaThread "clientInboundChannel-200"          [_thread_blocked, id=23988, stack(0x00000013eeb00000,0x00000013eec00000) (1024K)]
  0x00000207a6ae5d40 JavaThread "clientInboundChannel-201"          [_thread_blocked, id=23500, stack(0x00000013eec00000,0x00000013eed00000) (1024K)]
  0x00000207a6ae8b30 JavaThread "clientInboundChannel-197"          [_thread_blocked, id=16264, stack(0x00000013eed00000,0x00000013eee00000) (1024K)]
  0x00000207a6ae91c0 JavaThread "clientOutboundChannel-220"         [_thread_blocked, id=7504, stack(0x00000013eee00000,0x00000013eef00000) (1024K)]
  0x00000207a6aed360 JavaThread "clientOutboundChannel-221"         [_thread_blocked, id=32936, stack(0x00000013ef000000,0x00000013ef100000) (1024K)]
  0x00000207a6aeac00 JavaThread "clientOutboundChannel-222"         [_thread_blocked, id=9096, stack(0x00000013ef100000,0x00000013ef200000) (1024K)]
  0x00000207a6ae7780 JavaThread "clientOutboundChannel-223"         [_thread_blocked, id=3516, stack(0x00000013ef500000,0x00000013ef600000) (1024K)]
  0x00000207a6ae7e10 JavaThread "clientOutboundChannel-224"         [_thread_blocked, id=33984, stack(0x00000013ef600000,0x00000013ef700000) (1024K)]
  0x00000207a6ae84a0 JavaThread "clientOutboundChannel-225"         [_thread_blocked, id=11916, stack(0x00000013ef700000,0x00000013ef800000) (1024K)]
  0x00000207a6ae9850 JavaThread "clientOutboundChannel-226"         [_thread_blocked, id=34208, stack(0x00000013ef300000,0x00000013ef400000) (1024K)]
  0x00000207a6ae6a60 JavaThread "clientOutboundChannel-227"         [_thread_blocked, id=22224, stack(0x00000013ef800000,0x00000013ef900000) (1024K)]
  0x00000207a6aebfb0 JavaThread "clientOutboundChannel-228"         [_thread_blocked, id=12880, stack(0x00000013efb00000,0x00000013efc00000) (1024K)]
  0x00000207a6ae9ee0 JavaThread "clientOutboundChannel-229"         [_thread_blocked, id=33348, stack(0x00000013eef00000,0x00000013ef000000) (1024K)]
  0x00000207a6aea570 JavaThread "clientOutboundChannel-230"         [_thread_blocked, id=16324, stack(0x00000013ef200000,0x00000013ef300000) (1024K)]
  0x00000207a6aeb920 JavaThread "clientOutboundChannel-231"         [_thread_blocked, id=24944, stack(0x00000013efc00000,0x00000013efd00000) (1024K)]
  0x00000207eee86950 JavaThread "clientOutboundChannel-232"         [_thread_blocked, id=18860, stack(0x00000013eff00000,0x00000013f0000000) (1024K)]
  0x00000207eee827b0 JavaThread "clientOutboundChannel-233"         [_thread_blocked, id=32764, stack(0x00000013f0000000,0x00000013f0100000) (1024K)]
  0x00000207eee82120 JavaThread "clientOutboundChannel-234"         [_thread_blocked, id=34160, stack(0x00000013f0100000,0x00000013f0200000) (1024K)]
  0x00000207eee834d0 JavaThread "clientOutboundChannel-235"         [_thread_blocked, id=25140, stack(0x00000013f0300000,0x00000013f0400000) (1024K)]
  0x00000207eee84f10 JavaThread "clientOutboundChannel-236"         [_thread_blocked, id=11556, stack(0x00000013f0400000,0x00000013f0500000) (1024K)]
  0x00000207eee855a0 JavaThread "clientOutboundChannel-237"         [_thread_blocked, id=10304, stack(0x00000013f0500000,0x00000013f0600000) (1024K)]
  0x00000207eee841f0 JavaThread "WebSocket background processing" daemon [_thread_blocked, id=19172, stack(0x00000013ef400000,0x00000013ef500000) (1024K)]
=>0x00000207ec484410 JavaThread "C2 CompilerThread1"         daemon [_thread_in_native, id=20224, stack(0x00000013efd00000,0x00000013efe00000) (1024K)]
Total: 92

Other Threads:
  0x00000207a64c4810 VMThread "VM Thread"                           [id=22416, stack(0x00000013ea000000,0x00000013ea100000) (1024K)]
  0x00000207a64abdf0 WatcherThread "VM Periodic Task Thread"        [id=28920, stack(0x00000013e9f00000,0x00000013ea000000) (1024K)]
  0x0000020784d0f890 WorkerThread "GC Thread#0"                     [id=12280, stack(0x00000013e9a00000,0x00000013e9b00000) (1024K)]
  0x00000207ec8dd3d0 WorkerThread "GC Thread#1"                     [id=17372, stack(0x00000013eaf00000,0x00000013eb000000) (1024K)]
  0x00000207ec8de3b0 WorkerThread "GC Thread#2"                     [id=13972, stack(0x00000013eb000000,0x00000013eb100000) (1024K)]
  0x00000207ec8ded70 WorkerThread "GC Thread#3"                     [id=4880, stack(0x00000013eb100000,0x00000013eb200000) (1024K)]
  0x00000207ec8dfd50 WorkerThread "GC Thread#4"                     [id=13664, stack(0x00000013eb200000,0x00000013eb300000) (1024K)]
  0x00000207ec8e0990 WorkerThread "GC Thread#5"                     [id=28632, stack(0x00000013eb300000,0x00000013eb400000) (1024K)]
  0x00000207ec906410 WorkerThread "GC Thread#6"                     [id=17740, stack(0x00000013eb400000,0x00000013eb500000) (1024K)]
  0x00000207ec90aff0 WorkerThread "GC Thread#7"                     [id=21528, stack(0x00000013eb500000,0x00000013eb600000) (1024K)]
  0x00000207ec90b7b0 WorkerThread "GC Thread#8"                     [id=18936, stack(0x00000013eb600000,0x00000013eb700000) (1024K)]
  0x00000207ecfefdc0 WorkerThread "GC Thread#9"                     [id=18752, stack(0x00000013eb700000,0x00000013eb800000) (1024K)]
  0x0000020784d1c7c0 ConcurrentGCThread "G1 Main Marker"            [id=9916, stack(0x00000013e9b00000,0x00000013e9c00000) (1024K)]
  0x0000020784d1da70 WorkerThread "G1 Conc#0"                       [id=23324, stack(0x00000013e9c00000,0x00000013e9d00000) (1024K)]
  0x00000207ecff1790 WorkerThread "G1 Conc#1"                       [id=6336, stack(0x00000013eae00000,0x00000013eaf00000) (1024K)]
  0x00000207ecff0c80 WorkerThread "G1 Conc#2"                       [id=19272, stack(0x00000013eb800000,0x00000013eb900000) (1024K)]
  0x00000207a637d470 ConcurrentGCThread "G1 Refine#0"               [id=12348, stack(0x00000013e9d00000,0x00000013e9e00000) (1024K)]
  0x00000207a637dff0 ConcurrentGCThread "G1 Service"                [id=23396, stack(0x00000013e9e00000,0x00000013e9f00000) (1024K)]
Total: 18

Threads with active compile tasks:
C2 CompilerThread1  1842610 17298 % !   4       org.springframework.messaging.simp.stomp.StompDecoder::readHeaders @ 14 (184 bytes)
Total: 1

VM state: not at safepoint (normal execution)

VM Mutex/Monitor currently owned by a thread: None

Heap address: 0x0000000684c00000, size: 6068 MB, Compressed Oops mode: Zero based, Oop shift amount: 3

CDS archive(s) mapped at: [0x00000207a7000000-0x00000207a7c50000-0x00000207a7c50000), size 12910592, SharedBaseAddress: 0x00000207a7000000, ArchiveRelocationMode: 1.
Compressed class space mapped at: 0x00000207a8000000-0x00000207e8000000, reserved size: 1073741824
Narrow klass base: 0x00000207a7000000, Narrow klass shift: 0, Narrow klass range: 0x41000000

GC Precious Log:
 CardTable entry size: 512
 Card Set container configuration: InlinePtr #cards 4 size 8 Array Of Cards #cards 32 size 80 Howl #buckets 8 coarsen threshold 7372 Howl Bitmap #cards 1024 size 144 coarsen threshold 921 Card regions per heap region 1 cards per card region 8192
 CPUs: 12 total, 12 available
 Memory: 24260M
 Large Page Support: Disabled
 NUMA Support: Disabled
 Compressed Oops: Enabled (Zero based)
 Heap Region Size: 4M
 Heap Min Capacity: 8M
 Heap Initial Capacity: 380M
 Heap Max Capacity: 6068M
 Pre-touch: Disabled
 Parallel Workers: 10
 Concurrent Workers: 3
 Concurrent Refinement Workers: 10
 Periodic GC: Disabled

Heap:
 garbage-first heap   total reserved 6213632K, committed 98304K, used 42398K [0x0000000684c00000, 0x0000000800000000)
  region size 4096K, 3 young (12288K), 1 survivors (4096K)
 Metaspace       used 72449K, committed 73024K, reserved 1114112K
  class space    used 9007K, committed 9280K, reserved 1048576K

Heap Regions: E=young(eden), S=young(survivor), O=old, HS=humongous(starts), HC=humongous(continues), CS=collection set, F=free, TAMS=top-at-mark-start, PB=parsable bottom
|   0|0x0000000684c00000, 0x0000000685000000, 0x0000000685000000|100%| O|  |TAMS 0x0000000684c00000| PB 0x0000000684c00000| Untracked |  0
|   1|0x0000000685000000, 0x0000000685400000, 0x0000000685400000|100%| O|  |TAMS 0x0000000685000000| PB 0x0000000685000000| Untracked |  0
|   2|0x0000000685400000, 0x0000000685800000, 0x0000000685800000|100%| O|  |TAMS 0x0000000685400000| PB 0x0000000685400000| Untracked |  0
|   3|0x0000000685800000, 0x0000000685c00000, 0x0000000685c00000|100%| O|  |TAMS 0x0000000685800000| PB 0x0000000685800000| Untracked |  0
|   4|0x0000000685c00000, 0x0000000686000000, 0x0000000686000000|100%| O|  |TAMS 0x0000000685c00000| PB 0x0000000685c00000| Untracked |  0
|   5|0x0000000686000000, 0x0000000686000000, 0x0000000686400000|  0%| F|  |TAMS 0x0000000686000000| PB 0x0000000686000000| Untracked |  0
|   6|0x0000000686400000, 0x0000000686800000, 0x0000000686800000|100%| O|  |TAMS 0x0000000686400000| PB 0x0000000686400000| Untracked |  0
|   7|0x0000000686800000, 0x0000000686c00000, 0x0000000686c00000|100%| O|  |TAMS 0x0000000686800000| PB 0x0000000686800000| Untracked |  0
|   8|0x0000000686c00000, 0x0000000687000000, 0x0000000687000000|100%| O|  |TAMS 0x0000000686c00000| PB 0x0000000686c00000| Untracked |  0
|   9|0x0000000687000000, 0x0000000687400000, 0x0000000687400000|100%| O|  |TAMS 0x0000000687000000| PB 0x0000000687000000| Untracked |  0
|  10|0x0000000687400000, 0x00000006874f8860, 0x0000000687800000| 24%| O|  |TAMS 0x0000000687400000| PB 0x0000000687400000| Untracked |  0
|  11|0x0000000687800000, 0x0000000687800000, 0x0000000687c00000|  0%| F|  |TAMS 0x0000000687800000| PB 0x0000000687800000| Untracked |  0
|  12|0x0000000687c00000, 0x0000000687c6f320, 0x0000000688000000| 10%| S|CS|TAMS 0x0000000687c00000| PB 0x0000000687c00000| Complete |  0
|  13|0x0000000688000000, 0x0000000688000000, 0x0000000688400000|  0%| F|  |TAMS 0x0000000688000000| PB 0x0000000688000000| Untracked |  0
|  14|0x0000000688400000, 0x0000000688400000, 0x0000000688800000|  0%| F|  |TAMS 0x0000000688400000| PB 0x0000000688400000| Untracked |  0
|  15|0x0000000688800000, 0x0000000688800000, 0x0000000688c00000|  0%| F|  |TAMS 0x0000000688800000| PB 0x0000000688800000| Untracked |  0
|  16|0x0000000688c00000, 0x0000000688c00000, 0x0000000689000000|  0%| F|  |TAMS 0x0000000688c00000| PB 0x0000000688c00000| Untracked |  0
|  17|0x0000000689000000, 0x0000000689000000, 0x0000000689400000|  0%| F|  |TAMS 0x0000000689000000| PB 0x0000000689000000| Untracked |  0
|  18|0x0000000689400000, 0x0000000689400000, 0x0000000689800000|  0%| F|  |TAMS 0x0000000689400000| PB 0x0000000689400000| Untracked |  0
|  19|0x0000000689800000, 0x0000000689800000, 0x0000000689c00000|  0%| F|  |TAMS 0x0000000689800000| PB 0x0000000689800000| Untracked |  0
|  20|0x0000000689c00000, 0x0000000689c00000, 0x000000068a000000|  0%| F|  |TAMS 0x0000000689c00000| PB 0x0000000689c00000| Untracked |  0
|  48|0x0000000690c00000, 0x0000000690c00000, 0x0000000691000000|  0%| F|  |TAMS 0x0000000690c00000| PB 0x0000000690c00000| Untracked |  0
|  49|0x0000000691000000, 0x0000000691350788, 0x0000000691400000| 82%| E|  |TAMS 0x0000000691000000| PB 0x0000000691000000| Complete |  0
|  94|0x000000069c400000, 0x000000069c800000, 0x000000069c800000|100%| E|CS|TAMS 0x000000069c400000| PB 0x000000069c400000| Complete |  0

Card table byte_map: [0x000002079d0f0000,0x000002079dcd0000] _byte_map_base: 0x0000020799cca000

Marking Bits: (CMBitMap*) 0x0000020784d0ffa0
 Bits: [0x000002079dcd0000, 0x00000207a3ba0000)

Polling page: 0x0000020782c20000

Metaspace:

Usage:
  Non-class:     61.96 MB used.
      Class:      8.80 MB used.
       Both:     70.75 MB used.

Virtual space:
  Non-class space:       64.00 MB reserved,      62.25 MB ( 97%) committed,  1 nodes.
      Class space:        1.00 GB reserved,       9.06 MB ( <1%) committed,  1 nodes.
             Both:        1.06 GB reserved,      71.31 MB (  7%) committed. 

Chunk freelists:
   Non-Class:  1.23 MB
       Class:  6.84 MB
        Both:  8.08 MB

MaxMetaspaceSize: unlimited
CompressedClassSpaceSize: 1.00 GB
Initial GC threshold: 21.00 MB
Current GC threshold: 118.69 MB
CDS: on
 - commit_granule_bytes: 65536.
 - commit_granule_words: 8192.
 - virtual_space_node_default_size: 8388608.
 - enlarge_chunks_in_place: 1.
 - use_allocation_guard: 0.


Internal statistics:

num_allocs_failed_limit: 9.
num_arena_births: 820.
num_arena_deaths: 14.
num_vsnodes_births: 2.
num_vsnodes_deaths: 0.
num_space_committed: 1141.
num_space_uncommitted: 0.
num_chunks_returned_to_freelist: 30.
num_chunks_taken_from_freelist: 3472.
num_chunk_merges: 11.
num_chunk_splits: 2457.
num_chunks_enlarged: 1959.
num_inconsistent_stats: 0.

CodeHeap 'non-profiled nmethods': size=120000Kb used=10206Kb max_used=10206Kb free=109793Kb
 bounds [0x0000020794a90000, 0x0000020795560000, 0x000002079bfc0000]
CodeHeap 'profiled nmethods': size=120000Kb used=2585Kb max_used=26623Kb free=117414Kb
 bounds [0x000002078cfc0000, 0x000002078e9d0000, 0x00000207944f0000]
CodeHeap 'non-nmethods': size=5760Kb used=1675Kb max_used=1747Kb free=4084Kb
 bounds [0x00000207944f0000, 0x0000020794760000, 0x0000020794a90000]
 total_blobs=3592 nmethods=2885 adapters=610
 compilation: enabled
              stopped_count=0, restarted_count=0
 full_count=0

Compilation events (20 events):
Event: 1842.359 Thread 0x00000207a64e8d50 nmethod 17301 0x000002078d5f3810 code [0x000002078d5f3bc0, 0x000002078d5f5348]
Event: 1842.359 Thread 0x00000207a64e8d50 17302       3       org.springframework.messaging.simp.annotation.support.SimpAnnotationMethodMessageHandler::getDestination (10 bytes)
Event: 1842.359 Thread 0x00000207a64e8d50 nmethod 17302 0x000002078d1fbf10 code [0x000002078d1fc0e0, 0x000002078d1fc538]
Event: 1842.359 Thread 0x00000207a64e8d50 17299       1       java.lang.Long::longValue (5 bytes)
Event: 1842.359 Thread 0x00000207a64e8d50 nmethod 17299 0x0000020794d20690 code [0x0000020794d20820, 0x0000020794d208e8]
Event: 1842.361 Thread 0x00000207a64e8d50 17306       3       java.lang.String::<init> (16 bytes)
Event: 1842.362 Thread 0x00000207a64e8d50 nmethod 17306 0x000002078d011e10 code [0x000002078d011fe0, 0x000002078d012298]
Event: 1842.362 Thread 0x00000207a64e8d50 17308       3       org.springframework.messaging.simp.SimpMessageHeaderAccessor::<init> (26 bytes)
Event: 1842.363 Thread 0x00000207a64e8d50 nmethod 17308 0x000002078d1fb510 code [0x000002078d1fb700, 0x000002078d1fbd00]
Event: 1842.363 Thread 0x00000207a64e8d50 17309       3       org.springframework.messaging.simp.user.UserDestinationMessageHandler::handleMessage (254 bytes)
Event: 1842.366 Thread 0x00000207a64e8d50 nmethod 17309 0x000002078d1db710 code [0x000002078d1dbc40, 0x000002078d1de550]
Event: 1842.366 Thread 0x00000207a64e8d50 17311       3       org.springframework.messaging.simp.user.DefaultUserDestinationResolver::resolveDestination (123 bytes)
Event: 1842.367 Thread 0x00000207a64e8170 nmethod 17294% 0x0000020794dbf010 code [0x0000020794dbf200, 0x0000020794dbf9e0]
Event: 1842.367 Thread 0x00000207a64e8170 17296       4       java.nio.ByteBuffer::array (35 bytes)
Event: 1842.368 Thread 0x00000207a64e8d50 nmethod 17311 0x000002078e97ef90 code [0x000002078e97f2a0, 0x000002078e9804b0]
Event: 1842.368 Thread 0x00000207a64e8d50 17310       3       org.springframework.messaging.simp.broker.AbstractBrokerMessageHandler::handleMessage (58 bytes)
Event: 1842.368 Thread 0x00000207a64e8170 nmethod 17296 0x0000020794d21290 code [0x0000020794d21420, 0x0000020794d214e8]
Event: 1842.368 Thread 0x00000207a64e8170 17307       4       java.nio.charset.CoderResult::isOverflow (14 bytes)
Event: 1842.369 Thread 0x00000207a64e8170 nmethod 17307 0x0000020794d26690 code [0x0000020794d26800, 0x0000020794d26898]
Event: 1842.369 Thread 0x00000207a64e8d50 nmethod 17310 0x000002078d259490 code [0x000002078d259740, 0x000002078d25a218]

GC Heap History (20 events):
Event: 1825.924 GC heap before
{Heap before GC invocations=96 (full 0):
 garbage-first heap   total reserved 6213632K, committed 98304K, used 79165K [0x0000000684c00000, 0x0000000800000000)
  region size 4096K, 11 young (45056K), 1 survivors (4096K)
 Metaspace       used 72447K, committed 73024K, reserved 1114112K
  class space    used 9007K, committed 9280K, reserved 1048576K
}
Event: 1825.928 GC heap after
{Heap after GC invocations=97 (full 0):
 garbage-first heap   total reserved 6213632K, committed 98304K, used 38184K [0x0000000684c00000, 0x0000000800000000)
  region size 4096K, 1 young (4096K), 1 survivors (4096K)
 Metaspace       used 72447K, committed 73024K, reserved 1114112K
  class space    used 9007K, committed 9280K, reserved 1048576K
}
Event: 1827.249 GC heap before
{Heap before GC invocations=97 (full 0):
 garbage-first heap   total reserved 6213632K, committed 98304K, used 79144K [0x0000000684c00000, 0x0000000800000000)
  region size 4096K, 11 young (45056K), 1 survivors (4096K)
 Metaspace       used 72447K, committed 73024K, reserved 1114112K
  class space    used 9007K, committed 9280K, reserved 1048576K
}
Event: 1827.252 GC heap after
{Heap after GC invocations=98 (full 0):
 garbage-first heap   total reserved 6213632K, committed 98304K, used 38192K [0x0000000684c00000, 0x0000000800000000)
  region size 4096K, 1 young (4096K), 1 survivors (4096K)
 Metaspace       used 72447K, committed 73024K, reserved 1114112K
  class space    used 9007K, committed 9280K, reserved 1048576K
}
Event: 1828.780 GC heap before
{Heap before GC invocations=99 (full 0):
 garbage-first heap   total reserved 6213632K, committed 98304K, used 79152K [0x0000000684c00000, 0x0000000800000000)
  region size 4096K, 11 young (45056K), 1 survivors (4096K)
 Metaspace       used 72447K, committed 73024K, reserved 1114112K
  class space    used 9007K, committed 9280K, reserved 1048576K
}
Event: 1828.782 GC heap after
{Heap after GC invocations=100 (full 0):
 garbage-first heap   total reserved 6213632K, committed 98304K, used 38211K [0x0000000684c00000, 0x0000000800000000)
  region size 4096K, 1 young (4096K), 1 survivors (4096K)
 Metaspace       used 72447K, committed 73024K, reserved 1114112K
  class space    used 9007K, committed 9280K, reserved 1048576K
}
Event: 1830.637 GC heap before
{Heap before GC invocations=100 (full 0):
 garbage-first heap   total reserved 6213632K, committed 98304K, used 79171K [0x0000000684c00000, 0x0000000800000000)
  region size 4096K, 11 young (45056K), 1 survivors (4096K)
 Metaspace       used 72447K, committed 73024K, reserved 1114112K
  class space    used 9007K, committed 9280K, reserved 1048576K
}
Event: 1830.640 GC heap after
{Heap after GC invocations=101 (full 0):
 garbage-first heap   total reserved 6213632K, committed 98304K, used 38225K [0x0000000684c00000, 0x0000000800000000)
  region size 4096K, 1 young (4096K), 1 survivors (4096K)
 Metaspace       used 72447K, committed 73024K, reserved 1114112K
  class space    used 9007K, committed 9280K, reserved 1048576K
}
Event: 1832.722 GC heap before
{Heap before GC invocations=102 (full 0):
 garbage-first heap   total reserved 6213632K, committed 98304K, used 79185K [0x0000000684c00000, 0x0000000800000000)
  region size 4096K, 11 young (45056K), 1 survivors (4096K)
 Metaspace       used 72447K, committed 73024K, reserved 1114112K
  class space    used 9007K, committed 9280K, reserved 1048576K
}
Event: 1832.726 GC heap after
{Heap after GC invocations=103 (full 0):
 garbage-first heap   total reserved 6213632K, committed 98304K, used 38211K [0x0000000684c00000, 0x0000000800000000)
  region size 4096K, 1 young (4096K), 1 survivors (4096K)
 Metaspace       used 72447K, committed 73024K, reserved 1114112K
  class space    used 9007K, committed 9280K, reserved 1048576K
}
Event: 1834.308 GC heap before
{Heap before GC invocations=103 (full 0):
 garbage-first heap   total reserved 6213632K, committed 98304K, used 79171K [0x0000000684c00000, 0x0000000800000000)
  region size 4096K, 11 young (45056K), 1 survivors (4096K)
 Metaspace       used 72447K, committed 73024K, reserved 1114112K
  class space    used 9007K, committed 9280K, reserved 1048576K
}
Event: 1834.310 GC heap after
{Heap after GC invocations=104 (full 0):
 garbage-first heap   total reserved 6213632K, committed 98304K, used 38212K [0x0000000684c00000, 0x0000000800000000)
  region size 4096K, 1 young (4096K), 1 survivors (4096K)
 Metaspace       used 72447K, committed 73024K, reserved 1114112K
  class space    used 9007K, committed 9280K, reserved 1048576K
}
Event: 1835.387 GC heap before
{Heap before GC invocations=105 (full 0):
 garbage-first heap   total reserved 6213632K, committed 98304K, used 79172K [0x0000000684c00000, 0x0000000800000000)
  region size 4096K, 11 young (45056K), 1 survivors (4096K)
 Metaspace       used 72448K, committed 73024K, reserved 1114112K
  class space    used 9007K, committed 9280K, reserved 1048576K
}
Event: 1835.388 GC heap after
{Heap after GC invocations=106 (full 0):
 garbage-first heap   total reserved 6213632K, committed 98304K, used 38219K [0x0000000684c00000, 0x0000000800000000)
  region size 4096K, 1 young (4096K), 1 survivors (4096K)
 Metaspace       used 72448K, committed 73024K, reserved 1114112K
  class space    used 9007K, committed 9280K, reserved 1048576K
}
Event: 1837.378 GC heap before
{Heap before GC invocations=106 (full 0):
 garbage-first heap   total reserved 6213632K, committed 98304K, used 79179K [0x0000000684c00000, 0x0000000800000000)
  region size 4096K, 11 young (45056K), 1 survivors (4096K)
 Metaspace       used 72448K, committed 73024K, reserved 1114112K
  class space    used 9007K, committed 9280K, reserved 1048576K
}
Event: 1837.383 GC heap after
{Heap after GC invocations=107 (full 0):
 garbage-first heap   total reserved 6213632K, committed 98304K, used 38230K [0x0000000684c00000, 0x0000000800000000)
  region size 4096K, 1 young (4096K), 1 survivors (4096K)
 Metaspace       used 72448K, committed 73024K, reserved 1114112K
  class space    used 9007K, committed 9280K, reserved 1048576K
}
Event: 1839.659 GC heap before
{Heap before GC invocations=108 (full 0):
 garbage-first heap   total reserved 6213632K, committed 98304K, used 79190K [0x0000000684c00000, 0x0000000800000000)
  region size 4096K, 11 young (45056K), 1 survivors (4096K)
 Metaspace       used 72448K, committed 73024K, reserved 1114112K
  class space    used 9007K, committed 9280K, reserved 1048576K
}
Event: 1839.661 GC heap after
{Heap after GC invocations=109 (full 0):
 garbage-first heap   total reserved 6213632K, committed 98304K, used 38227K [0x0000000684c00000, 0x0000000800000000)
  region size 4096K, 1 young (4096K), 1 survivors (4096K)
 Metaspace       used 72448K, committed 73024K, reserved 1114112K
  class space    used 9007K, committed 9280K, reserved 1048576K
}
Event: 1842.265 GC heap before
{Heap before GC invocations=109 (full 0):
 garbage-first heap   total reserved 6213632K, committed 98304K, used 79187K [0x0000000684c00000, 0x0000000800000000)
  region size 4096K, 11 young (45056K), 1 survivors (4096K)
 Metaspace       used 72449K, committed 73024K, reserved 1114112K
  class space    used 9007K, committed 9280K, reserved 1048576K
}
Event: 1842.268 GC heap after
{Heap after GC invocations=110 (full 0):
 garbage-first heap   total reserved 6213632K, committed 98304K, used 38302K [0x0000000684c00000, 0x0000000800000000)
  region size 4096K, 1 young (4096K), 1 survivors (4096K)
 Metaspace       used 72449K, committed 73024K, reserved 1114112K
  class space    used 9007K, committed 9280K, reserved 1048576K
}

Dll operation events (15 events):
Event: 0.013 Loaded shared library C:\Users\zrabie\.jdks\openjdk-22\bin\java.dll
Event: 0.080 Loaded shared library C:\Users\zrabie\.jdks\openjdk-22\bin\jsvml.dll
Event: 0.210 Loaded shared library C:\Users\zrabie\.jdks\openjdk-22\bin\zip.dll
Event: 0.217 Loaded shared library C:\Users\zrabie\.jdks\openjdk-22\bin\instrument.dll
Event: 0.224 Loaded shared library C:\Users\zrabie\.jdks\openjdk-22\bin\net.dll
Event: 0.227 Loaded shared library C:\Users\zrabie\.jdks\openjdk-22\bin\nio.dll
Event: 0.265 Loaded shared library C:\Users\zrabie\.jdks\openjdk-22\bin\zip.dll
Event: 1.380 Loaded shared library C:\Users\zrabie\.jdks\openjdk-22\bin\jimage.dll
Event: 4.074 Loaded shared library C:\Program Files\JetBrains\IntelliJ IDEA Community Edition 2024.1.1\bin\breakgen64.dll
Event: 4.087 Loaded shared library C:\Users\zrabie\.jdks\openjdk-22\bin\extnet.dll
Event: 4.129 Loaded shared library C:\Users\zrabie\.jdks\openjdk-22\bin\verify.dll
Event: 4.987 Loaded shared library C:\Users\zrabie\.jdks\openjdk-22\bin\management.dll
Event: 4.991 Loaded shared library C:\Users\zrabie\.jdks\openjdk-22\bin\management_ext.dll
Event: 5.228 Loaded shared library C:\Users\zrabie\.jdks\openjdk-22\bin\le.dll
Event: 15.766 Loaded shared library C:\Users\zrabie\.jdks\openjdk-22\bin\sunmscapi.dll

Deoptimization events (20 events):
Event: 1775.876 Thread 0x00000207ec713ca0 DEOPT PACKING pc=0x00000207950fdb70 sp=0x00000013e98fe650
Event: 1775.876 Thread 0x00000207ec713ca0 DEOPT UNPACKING pc=0x00000207945446a2 sp=0x00000013e98fe640 mode 2
Event: 1775.878 Thread 0x00000207ec713ca0 Uncommon trap: trap_request=0xffffffde fr.pc=0x00000207950fdb70 relative=0x00000000000007b0
Event: 1775.878 Thread 0x00000207ec713ca0 Uncommon trap: reason=class_check action=maybe_recompile pc=0x00000207950fdb70 method=com.mysql.cj.protocol.a.NativeProtocol.readMessage(Lcom/mysql/cj/protocol/a/NativePacketPayload;)Lcom/mysql/cj/protocol/a/NativePacketPayload; @ 4 c2
Event: 1775.878 Thread 0x00000207ec713ca0 DEOPT PACKING pc=0x00000207950fdb70 sp=0x00000013e98fe420
Event: 1775.878 Thread 0x00000207ec713ca0 DEOPT UNPACKING pc=0x00000207945446a2 sp=0x00000013e98fe410 mode 2
Event: 1796.207 Thread 0x00000207ec714330 DEOPT PACKING pc=0x000002078e8f1ef4 sp=0x00000013f09fe370
Event: 1796.207 Thread 0x00000207ec714330 DEOPT UNPACKING pc=0x0000020794544e42 sp=0x00000013f09fd820 mode 0
Event: 1796.524 Thread 0x00000207ef74dbb0 Uncommon trap: trap_request=0xffffff45 fr.pc=0x0000020795061fbc relative=0x0000000000000c1c
Event: 1796.524 Thread 0x00000207ef74dbb0 Uncommon trap: reason=unstable_if action=reinterpret pc=0x0000020795061fbc method=com.zaxxer.hikari.pool.HikariPool.getConnection(J)Ljava/sql/Connection; @ 49 c2
Event: 1796.524 Thread 0x00000207ef74dbb0 DEOPT PACKING pc=0x0000020795061fbc sp=0x00000013ec8fc6e0
Event: 1796.524 Thread 0x00000207ef74dbb0 DEOPT UNPACKING pc=0x00000207945446a2 sp=0x00000013ec8fc540 mode 2
Event: 1808.215 Thread 0x00000207ef74e8d0 Uncommon trap: trap_request=0xffffff45 fr.pc=0x0000020795021b1c relative=0x000000000000089c
Event: 1808.215 Thread 0x00000207ef74e8d0 Uncommon trap: reason=unstable_if action=reinterpret pc=0x0000020795021b1c method=org.hibernate.loader.plan.exec.process.internal.CollectionReferenceInitializerImpl.findCollectionOwner(Ljava/io/Serializable;Ljava/sql/ResultSet;Lorg/hibernate/loader/plan/e
Event: 1808.215 Thread 0x00000207ef74e8d0 DEOPT PACKING pc=0x0000020795021b1c sp=0x00000013ec5fcff0
Event: 1808.215 Thread 0x00000207ef74e8d0 DEOPT UNPACKING pc=0x00000207945446a2 sp=0x00000013ec5fcf88 mode 2
Event: 1822.883 Thread 0x00000207ef74e8d0 Uncommon trap: trap_request=0xffffff45 fr.pc=0x00000207952db740 relative=0x00000000000000a0
Event: 1822.883 Thread 0x00000207ef74e8d0 Uncommon trap: reason=unstable_if action=reinterpret pc=0x00000207952db740 method=java.util.concurrent.locks.LockSupport.unpark(Ljava/lang/Thread;)V @ 1 c2
Event: 1822.883 Thread 0x00000207ef74e8d0 DEOPT PACKING pc=0x00000207952db740 sp=0x00000013ec5fd520
Event: 1822.883 Thread 0x00000207ef74e8d0 DEOPT UNPACKING pc=0x00000207945446a2 sp=0x00000013ec5fd4b8 mode 2

Classes loaded (20 events):
Event: 1773.868 Loading class javax/crypto/IllegalBlockSizeException
Event: 1773.879 Loading class javax/crypto/IllegalBlockSizeException done
Event: 1773.880 Loading class javax/crypto/BadPaddingException
Event: 1773.882 Loading class javax/crypto/BadPaddingException done
Event: 1773.883 Loading class java/security/spec/InvalidKeySpecException
Event: 1773.883 Loading class java/security/spec/InvalidKeySpecException done
Event: 1773.883 Loading class javax/net/ssl/SSLSocket
Event: 1773.884 Loading class javax/net/ssl/SSLSocket done
Event: 1773.885 Loading class java/security/UnrecoverableKeyException
Event: 1773.885 Loading class java/security/UnrecoverableEntryException
Event: 1773.885 Loading class java/security/UnrecoverableEntryException done
Event: 1773.885 Loading class java/security/UnrecoverableKeyException done
Event: 1773.885 Loading class java/security/KeyStoreException
Event: 1773.885 Loading class java/security/KeyStoreException done
Event: 1773.885 Loading class java/security/cert/CertificateException
Event: 1773.886 Loading class java/security/cert/CertificateException done
Event: 1773.886 Loading class java/security/KeyManagementException
Event: 1773.886 Loading class java/security/KeyManagementException done
Event: 1773.886 Loading class javax/net/ssl/TrustManager
Event: 1773.886 Loading class javax/net/ssl/TrustManager done

Classes unloaded (7 events):
Event: 328.540 Thread 0x00000207a64c4810 Unloading class 0x00000207a88d0000 'java/lang/invoke/LambdaForm$MH+0x00000207a88d0000'
Event: 328.540 Thread 0x00000207a64c4810 Unloading class 0x00000207a88c2800 'java/lang/invoke/LambdaForm$MH+0x00000207a88c2800'
Event: 328.540 Thread 0x00000207a64c4810 Unloading class 0x00000207a88c2000 'java/lang/invoke/LambdaForm$MH+0x00000207a88c2000'
Event: 328.540 Thread 0x00000207a64c4810 Unloading class 0x00000207a88c1400 'java/lang/invoke/LambdaForm$BMH+0x00000207a88c1400'
Event: 328.540 Thread 0x00000207a64c4810 Unloading class 0x00000207a88c1000 'java/lang/invoke/LambdaForm$DMH+0x00000207a88c1000'
Event: 328.540 Thread 0x00000207a64c4810 Unloading class 0x00000207a889c800 'java/lang/invoke/LambdaForm$MH+0x00000207a889c800'
Event: 328.540 Thread 0x00000207a64c4810 Unloading class 0x00000207a889c000 'java/lang/invoke/LambdaForm$MH+0x00000207a889c000'

Classes redefined (0 events):
No events

Internal exceptions (20 events):
Event: 1669.440 Thread 0x00000207ec714330 Exception <a 'java/io/IOException'{0x0000000690effb40}> (0x0000000690effb40) 
thrown [s\open\src\hotspot\share\prims\jni.cpp, line 520]
Event: 1669.447 Thread 0x00000207ef7523e0 Exception <a 'java/io/IOException'{0x0000000690f73cb0}> (0x0000000690f73cb0) 
thrown [s\open\src\hotspot\share\prims\jni.cpp, line 520]
Event: 1669.497 Thread 0x00000207ef7516c0 Exception <a 'java/io/IOException'{0x0000000689d13860}> (0x0000000689d13860) 
thrown [s\open\src\hotspot\share\prims\jni.cpp, line 520]
Event: 1669.499 Thread 0x00000207eee81a90 Exception <a 'java/io/IOException'{0x0000000689d46d20}> (0x0000000689d46d20) 
thrown [s\open\src\hotspot\share\prims\jni.cpp, line 520]
Event: 1669.536 Thread 0x00000207ef74dbb0 Exception <a 'java/io/IOException'{0x0000000689ea6fd8}> (0x0000000689ea6fd8) 
thrown [s\open\src\hotspot\share\prims\jni.cpp, line 520]
Event: 1669.563 Thread 0x00000207eee81a90 Exception <a 'java/io/IOException'{0x0000000689f84128}> (0x0000000689f84128) 
thrown [s\open\src\hotspot\share\prims\jni.cpp, line 520]
Event: 1669.564 Thread 0x00000207eee862c0 Exception <a 'java/io/IOException'{0x0000000689fae6b8}> (0x0000000689fae6b8) 
thrown [s\open\src\hotspot\share\prims\jni.cpp, line 520]
Event: 1669.573 Thread 0x00000207ef751d50 Exception <a 'java/io/IOException'{0x0000000689801fd0}> (0x0000000689801fd0) 
thrown [s\open\src\hotspot\share\prims\jni.cpp, line 520]
Event: 1669.582 Thread 0x00000207ef74e8d0 Exception <a 'java/io/IOException'{0x0000000689869f30}> (0x0000000689869f30) 
thrown [s\open\src\hotspot\share\prims\jni.cpp, line 520]
Event: 1669.591 Thread 0x00000207ef74e8d0 Exception <a 'java/io/IOException'{0x0000000689930d78}> (0x0000000689930d78) 
thrown [s\open\src\hotspot\share\prims\jni.cpp, line 520]
Event: 1669.596 Thread 0x00000207ef74dbb0 Exception <a 'java/io/IOException'{0x0000000689972668}> (0x0000000689972668) 
thrown [s\open\src\hotspot\share\prims\jni.cpp, line 520]
Event: 1669.598 Thread 0x00000207ef7516c0 Exception <a 'java/io/IOException'{0x0000000689993ca0}> (0x0000000689993ca0) 
thrown [s\open\src\hotspot\share\prims\jni.cpp, line 520]
Event: 1669.599 Thread 0x00000207ef74e8d0 Exception <a 'java/io/IOException'{0x0000000689a241e8}> (0x0000000689a241e8) 
thrown [s\open\src\hotspot\share\prims\jni.cpp, line 520]
Event: 1669.601 Thread 0x00000207ef74dbb0 Exception <a 'java/io/IOException'{0x0000000689aa3898}> (0x0000000689aa3898) 
thrown [s\open\src\hotspot\share\prims\jni.cpp, line 520]
Event: 1669.601 Thread 0x00000207ef74ef60 Exception <a 'java/io/IOException'{0x0000000689a82b60}> (0x0000000689a82b60) 
thrown [s\open\src\hotspot\share\prims\jni.cpp, line 520]
Event: 1773.860 Thread 0x00000207ec713ca0 Implicit null exception at 0x0000020794af14d9 to 0x0000020794af1e6c
Event: 1773.863 Thread 0x00000207ec713ca0 Implicit null exception at 0x0000020795106d3d to 0x0000020795109010
Event: 1796.039 Thread 0x00000207ef74e8d0 Exception <a 'java/io/IOException'{0x000000068915a510}> (0x000000068915a510) 
thrown [s\open\src\hotspot\share\prims\jni.cpp, line 520]
Event: 1822.882 Thread 0x00000207ef74e8d0 Implicit null exception at 0x00000207952db6bd to 0x00000207952db731
Event: 1841.485 Thread 0x00000207ef74ef60 Exception <a 'java/net/SocketException'{0x000000068926ecd0}: Connection reset by peer: shutdown> (0x000000068926ecd0) 
thrown [s\open\src\hotspot\share\prims\jni.cpp, line 539]

ZGC Phase Switch (0 events):
No events

VM Operations (20 events):
Event: 1834.383 Executing VM operation: G1PauseCleanup
Event: 1834.383 Executing VM operation: G1PauseCleanup done
Event: 1835.387 Executing VM operation: G1CollectForAllocation (G1 Evacuation Pause)
Event: 1835.388 Executing VM operation: G1CollectForAllocation (G1 Evacuation Pause) done
Event: 1837.378 Executing VM operation: G1CollectForAllocation (G1 Evacuation Pause)
Event: 1837.383 Executing VM operation: G1CollectForAllocation (G1 Evacuation Pause) done
Event: 1837.452 Executing VM operation: G1PauseRemark
Event: 1837.460 Executing VM operation: G1PauseRemark done
Event: 1837.482 Executing VM operation: G1PauseCleanup
Event: 1837.482 Executing VM operation: G1PauseCleanup done
Event: 1839.659 Executing VM operation: G1CollectForAllocation (G1 Evacuation Pause)
Event: 1839.661 Executing VM operation: G1CollectForAllocation (G1 Evacuation Pause) done
Event: 1841.657 Executing VM operation: Cleanup
Event: 1841.657 Executing VM operation: Cleanup done
Event: 1842.265 Executing VM operation: G1CollectForAllocation (G1 Evacuation Pause)
Event: 1842.268 Executing VM operation: G1CollectForAllocation (G1 Evacuation Pause) done
Event: 1842.296 Executing VM operation: G1PauseRemark
Event: 1842.300 Executing VM operation: G1PauseRemark done
Event: 1842.309 Executing VM operation: G1PauseCleanup
Event: 1842.309 Executing VM operation: G1PauseCleanup done

Events (20 events):
Event: 1827.294 Thread 0x00000207a64c4810 flushing nmethod 0x000002078dbf6f10
Event: 1827.294 Thread 0x00000207a64c4810 flushing nmethod 0x000002078dc0bb10
Event: 1827.294 Thread 0x00000207a64c4810 flushing nmethod 0x000002078e6c0990
Event: 1830.680 Thread 0x00000207a64c4810 flushing nmethod 0x000002078d85f790
Event: 1830.680 Thread 0x00000207a64c4810 flushing nmethod 0x000002078e7a0210
Event: 1830.680 Thread 0x00000207a64c4810 flushing nmethod 0x000002078d130d90
Event: 1830.680 Thread 0x00000207a64c4810 flushing nmethod 0x000002078d51f390
Event: 1830.680 Thread 0x00000207a64c4810 flushing nmethod 0x000002078d1ce490
Event: 1830.681 Thread 0x00000207a64c4810 flushing nmethod 0x000002078d048410
Event: 1837.459 Thread 0x00000207a64c4810 flushing nmethod 0x000002078d033490
Event: 1837.459 Thread 0x00000207a64c4810 flushing nmethod 0x000002078d4e8a10
Event: 1837.459 Thread 0x00000207a64c4810 flushing nmethod 0x000002078d30d290
Event: 1837.459 Thread 0x00000207a64c4810 flushing nmethod 0x000002078df5da10
Event: 1837.459 Thread 0x00000207a64c4810 flushing nmethod 0x000002078d67da10
Event: 1837.459 Thread 0x00000207a64c4810 flushing nmethod 0x000002078da26d10
Event: 1841.518 Thread 0x00000207a6ae63d0 Thread exited: 0x00000207a6ae63d0
Event: 1842.212 Thread 0x00000207eee841f0 Thread added: 0x00000207eee841f0
Event: 1842.300 Thread 0x00000207a64c4810 flushing nmethod 0x000002078d391210
Event: 1842.300 Thread 0x00000207a64c4810 flushing nmethod 0x000002078d4e5510
Event: 1842.303 Thread 0x00000207ec484410 Thread added: 0x00000207ec484410


Dynamic libraries:
0x00007ff6fefa0000 - 0x00007ff6fefae000 	C:\Users\zrabie\.jdks\openjdk-22\bin\java.exe
0x00007ff8c0ab0000 - 0x00007ff8c0cc7000 	C:\Windows\SYSTEM32\ntdll.dll
0x00007ff8be820000 - 0x00007ff8be8e4000 	C:\Windows\System32\KERNEL32.DLL
0x00007ff8bdea0000 - 0x00007ff8be24c000 	C:\Windows\System32\KERNELBASE.dll
0x00007ff8be2f0000 - 0x00007ff8be401000 	C:\Windows\System32\ucrtbase.dll
0x00007ff8a43b0000 - 0x00007ff8a43c7000 	C:\Users\zrabie\.jdks\openjdk-22\bin\jli.dll
0x00007ff8a4c40000 - 0x00007ff8a4c5b000 	C:\Users\zrabie\.jdks\openjdk-22\bin\VCRUNTIME140.dll
0x00007ff8c07a0000 - 0x00007ff8c094e000 	C:\Windows\System32\USER32.dll
0x00007ff8be650000 - 0x00007ff8be676000 	C:\Windows\System32\win32u.dll
0x00007ff8a35a0000 - 0x00007ff8a3833000 	C:\Windows\WinSxS\amd64_microsoft.windows.common-controls_6595b64144ccf1df_6.0.22621.3672_none_2713b9d173822955\COMCTL32.dll
0x00007ff8beb80000 - 0x00007ff8beba9000 	C:\Windows\System32\GDI32.dll
0x00007ff8bed20000 - 0x00007ff8bedc7000 	C:\Windows\System32\msvcrt.dll
0x00007ff8be410000 - 0x00007ff8be529000 	C:\Windows\System32\gdi32full.dll
0x00007ff8be250000 - 0x00007ff8be2ea000 	C:\Windows\System32\msvcp_win.dll
0x00007ff8bee90000 - 0x00007ff8beec1000 	C:\Windows\System32\IMM32.DLL
0x00007ff8a4620000 - 0x00007ff8a462c000 	C:\Users\zrabie\.jdks\openjdk-22\bin\vcruntime140_1.dll
0x00007ff862fa0000 - 0x00007ff86302e000 	C:\Users\zrabie\.jdks\openjdk-22\bin\msvcp140.dll
0x00007fffee7e0000 - 0x00007fffef528000 	C:\Users\zrabie\.jdks\openjdk-22\bin\server\jvm.dll
0x00007ff8bedd0000 - 0x00007ff8bee82000 	C:\Windows\System32\ADVAPI32.dll
0x00007ff8c0530000 - 0x00007ff8c05da000 	C:\Windows\System32\sechost.dll
0x00007ff8be530000 - 0x00007ff8be558000 	C:\Windows\System32\bcrypt.dll
0x00007ff8bebb0000 - 0x00007ff8becc5000 	C:\Windows\System32\RPCRT4.dll
0x00007ff8beaa0000 - 0x00007ff8beb11000 	C:\Windows\System32\WS2_32.dll
0x00007ff8b7620000 - 0x00007ff8b7654000 	C:\Windows\SYSTEM32\WINMM.dll
0x00007ff8bcc30000 - 0x00007ff8bcc7d000 	C:\Windows\SYSTEM32\POWRPROF.dll
0x00007ff8b4750000 - 0x00007ff8b475a000 	C:\Windows\SYSTEM32\VERSION.dll
0x00007ff8bcc10000 - 0x00007ff8bcc23000 	C:\Windows\SYSTEM32\UMPDC.dll
0x00007ff8bcec0000 - 0x00007ff8bced8000 	C:\Windows\SYSTEM32\kernel.appcore.dll
0x00007ff8a43a0000 - 0x00007ff8a43aa000 	C:\Users\zrabie\.jdks\openjdk-22\bin\jimage.dll
0x00007ff8bb400000 - 0x00007ff8bb632000 	C:\Windows\SYSTEM32\DBGHELP.DLL
0x00007ff8bf930000 - 0x00007ff8bfcb8000 	C:\Windows\System32\combase.dll
0x00007ff8bf850000 - 0x00007ff8bf927000 	C:\Windows\System32\OLEAUT32.dll
0x00007ff8adeb0000 - 0x00007ff8adee2000 	C:\Windows\SYSTEM32\dbgcore.DLL
0x00007ff8be560000 - 0x00007ff8be5db000 	C:\Windows\System32\bcryptPrimitives.dll
0x00007ff8a2c20000 - 0x00007ff8a2c2f000 	C:\Users\zrabie\.jdks\openjdk-22\bin\instrument.dll
0x00007ff8a3f70000 - 0x00007ff8a3f8e000 	C:\Users\zrabie\.jdks\openjdk-22\bin\java.dll
0x00007ff8bfcd0000 - 0x00007ff8c052c000 	C:\Windows\System32\SHELL32.dll
0x00007ff8be8f0000 - 0x00007ff8bea95000 	C:\Windows\System32\ole32.dll
0x00007ff8bbc10000 - 0x00007ff8bc507000 	C:\Windows\SYSTEM32\windows.storage.dll
0x00007ff8bb970000 - 0x00007ff8bbaaf000 	C:\Windows\SYSTEM32\wintypes.dll
0x00007ff8c0950000 - 0x00007ff8c0a44000 	C:\Windows\System32\SHCORE.dll
0x00007ff8bf0e0000 - 0x00007ff8bf13e000 	C:\Windows\System32\shlwapi.dll
0x00007ff8bdd10000 - 0x00007ff8bdd31000 	C:\Windows\SYSTEM32\profapi.dll
0x00007ff848c20000 - 0x00007ff848cf7000 	C:\Users\zrabie\.jdks\openjdk-22\bin\jsvml.dll
0x00007ff8a25a0000 - 0x00007ff8a25b7000 	C:\Users\zrabie\.jdks\openjdk-22\bin\zip.dll
0x00007ff8a3c50000 - 0x00007ff8a3c60000 	C:\Users\zrabie\.jdks\openjdk-22\bin\net.dll
0x00007ff8bd320000 - 0x00007ff8bd389000 	C:\Windows\system32\mswsock.dll
0x00007ff8a25c0000 - 0x00007ff8a25d6000 	C:\Users\zrabie\.jdks\openjdk-22\bin\nio.dll
0x00007ff88aaf0000 - 0x00007ff88ab0a000 	C:\Program Files\JetBrains\IntelliJ IDEA Community Edition 2024.1.1\bin\breakgen64.dll
0x00007ff8a0d80000 - 0x00007ff8a0d89000 	C:\Users\zrabie\.jdks\openjdk-22\bin\extnet.dll
0x00007ff89fd90000 - 0x00007ff89fda0000 	C:\Users\zrabie\.jdks\openjdk-22\bin\verify.dll
0x00007ff8a2590000 - 0x00007ff8a259a000 	C:\Users\zrabie\.jdks\openjdk-22\bin\management.dll
0x00007ff8a2580000 - 0x00007ff8a258b000 	C:\Users\zrabie\.jdks\openjdk-22\bin\management_ext.dll
0x00007ff8bf2a0000 - 0x00007ff8bf2a8000 	C:\Windows\System32\PSAPI.DLL
0x00007ff88c190000 - 0x00007ff88c1a7000 	C:\Windows\system32\napinsp.dll
0x00007ff88c1b0000 - 0x00007ff88c1cb000 	C:\Windows\system32\pnrpnsp.dll
0x00007ff8bc690000 - 0x00007ff8bc788000 	C:\Windows\SYSTEM32\DNSAPI.dll
0x00007ff8bc660000 - 0x00007ff8bc68d000 	C:\Windows\SYSTEM32\IPHLPAPI.DLL
0x00007ff8bf840000 - 0x00007ff8bf849000 	C:\Windows\System32\NSI.dll
0x00007ff88c1e0000 - 0x00007ff88c1f1000 	C:\Windows\System32\winrnr.dll
0x00007ff8b7600000 - 0x00007ff8b7615000 	C:\Windows\system32\wshbth.dll
0x00007ff88c200000 - 0x00007ff88c227000 	C:\Windows\system32\nlansp_c.dll
0x00007ff8b84d0000 - 0x00007ff8b84da000 	C:\Windows\System32\rasadhlp.dll
0x00007ff8b8ff0000 - 0x00007ff8b9073000 	C:\Windows\System32\fwpuclnt.dll
0x00007ff89fc30000 - 0x00007ff89fc3b000 	C:\Users\zrabie\.jdks\openjdk-22\bin\le.dll
0x00007ff8bd610000 - 0x00007ff8bd62b000 	C:\Windows\SYSTEM32\CRYPTSP.dll
0x00007ff8bce20000 - 0x00007ff8bce55000 	C:\Windows\system32\rsaenh.dll
0x00007ff8bd3c0000 - 0x00007ff8bd3e8000 	C:\Windows\SYSTEM32\USERENV.dll
0x00007ff8bd5f0000 - 0x00007ff8bd5fc000 	C:\Windows\SYSTEM32\CRYPTBASE.dll
0x00007ff8a1230000 - 0x00007ff8a123e000 	C:\Users\zrabie\.jdks\openjdk-22\bin\sunmscapi.dll
0x00007ff8be680000 - 0x00007ff8be7e7000 	C:\Windows\System32\CRYPT32.dll
0x00007ff8bd710000 - 0x00007ff8bd73e000 	C:\Windows\SYSTEM32\ncrypt.dll
0x00007ff8bd6d0000 - 0x00007ff8bd707000 	C:\Windows\SYSTEM32\NTASN1.dll
0x00007ff8b1ed0000 - 0x00007ff8b1ed8000 	C:\Windows\system32\wshunix.dll

dbghelp: loaded successfully - version: 4.0.5 - missing functions: none
symbol engine: initialized successfully - sym options: 0x614 - pdb path: .;C:\Users\zrabie\.jdks\openjdk-22\bin;C:\Windows\SYSTEM32;C:\Windows\WinSxS\amd64_microsoft.windows.common-controls_6595b64144ccf1df_6.0.22621.3672_none_2713b9d173822955;C:\Users\zrabie\.jdks\openjdk-22\bin\server;C:\Program Files\JetBrains\IntelliJ IDEA Community Edition 2024.1.1\bin

VM Arguments:
jvm_args: -javaagent:C:\Program Files\JetBrains\IntelliJ IDEA Community Edition 2024.1.1\lib\idea_rt.jar=55874:C:\Program Files\JetBrains\IntelliJ IDEA Community Edition 2024.1.1\bin -Dfile.encoding=UTF-8 -Dsun.stdout.encoding=UTF-8 -Dsun.stderr.encoding=UTF-8 
java_command: com.bezkoder.springjwt.SpringBootSecurityJwtApplication
java_class_path (initial): C:\Users\zrabie\Documents\PFE\PFE_BACK\target\classes;C:\Users\zrabie\.m2\repository\org\springframework\boot\spring-boot-starter-data-jpa\2.1.8.RELEASE\spring-boot-starter-data-jpa-2.1.8.RELEASE.jar;C:\Users\zrabie\.m2\repository\org\springframework\boot\spring-boot-starter-aop\2.1.8.RELEASE\spring-boot-starter-aop-2.1.8.RELEASE.jar;C:\Users\zrabie\.m2\repository\org\aspectj\aspectjweaver\1.9.4\aspectjweaver-1.9.4.jar;C:\Users\zrabie\.m2\repository\org\springframework\boot\spring-boot-starter-jdbc\2.1.8.RELEASE\spring-boot-starter-jdbc-2.1.8.RELEASE.jar;C:\Users\zrabie\.m2\repository\com\zaxxer\HikariCP\3.2.0\HikariCP-3.2.0.jar;C:\Users\zrabie\.m2\repository\org\springframework\spring-jdbc\5.1.9.RELEASE\spring-jdbc-5.1.9.RELEASE.jar;C:\Users\zrabie\.m2\repository\javax\transaction\javax.transaction-api\1.3\javax.transaction-api-1.3.jar;C:\Users\zrabie\.m2\repository\javax\xml\bind\jaxb-api\2.3.1\jaxb-api-2.3.1.jar;C:\Users\zrabie\.m2\repository\javax\activation\javax.activation-api\1.2.0\javax.activation-api-1.2.0.jar;C:\Users\zrabie\.m2\repository\org\hibernate\hibernate-core\5.3.11.Final\hibernate-core-5.3.11.Final.jar;C:\Users\zrabie\.m2\repository\org\jboss\logging\jboss-logging\3.3.3.Final\jboss-logging-3.3.3.Final.jar;C:\Users\zrabie\.m2\repository\javax\persistence\javax.persistence-api\2.2\javax.persistence-api-2.2.jar;C:\Users\zrabie\.m2\repository\org\javassist\javassist\3.23.2-GA\javassist-3.23.2-GA.jar;C:\Users\zrabie\.m2\repository\net\bytebuddy\byte-buddy\1.9.16\byte-buddy-1.9.16.jar;C:\Users\zrabie\.m2\repository\antlr\antlr\2.7.7\antlr-2.7.7.jar;C:\Users\zrabie\.m2\repository\org\jboss\jandex\2.0.5.Final\jandex-2.0.5.Final.jar;C:\Users\zrabie\.m2\repository\com\fasterxml\classmate\1.4.0\classmate-1.4.0.jar;C:\Users\zrabie\.m2\repository\org\dom4j\dom4j\2.1.1\dom4j-2.1.1.jar;C:\Users\zrabie\.m2\repository\org\hibernate\common\hibernate-commons-annotations\5.0.4.Final\hibernate-commons-annotations-5.0.4.Final.jar;C:\Users\zrabie\.m2\repository\org\springframework\data\spring-data-jpa\2.1.10.RELEASE\spring-data-jpa-2.1.10.RELEASE.jar;C:\Users\zrabie\.m2\repository\org\springframework\data\spring-data-commons\2.1.10.RELEASE\spring-data-commons-2.1.10.RELEASE.jar;C:\Users\zrabie\.m2\repository\org\springframework\spring-orm\5.1.9.RELEASE\spring-orm-5.1.9.RELEASE.jar;C:\Users\zrabie\.m2\repository\org\springframework\spring-context\5.1.9.RELEASE\spring-context-5.1.9.RELEASE.jar;C:\Users\zrabie\.m2\repository\org\springframework\spring-tx\5.1.9.RELEASE\spring-tx-5.1.9.RELEASE.jar;C:\Users\zrabie\.m2\repository\org\springframework\spring-beans\5.1.9.RELEASE\spring-beans-5.1.9.RELEASE.jar;C:\Users\zrabie\.m2\repository\org\slf4j\slf4j-api\1.7.28\slf4j-api-1.7.28.jar;C:\Users\zrabie\.m2\repository\org\springframework\spring-aspects\5.1.9.RELEASE\spring-aspects-5.1.9.RELEASE.jar;C:\Users\zrabie\.m2\repository\org\springframework\boot\spring-boot-starter-mail\2.1.8.RELEASE\spring-boot-starter-mail-2.1.8.RELEASE.jar;C:\Users\zrabie\.m2\repository\org\springframework\boot\spring-boot-starter\2.1.8.RELEASE\spring-boot-starter-2.1.8.RELEASE.jar;C:\Users\zrabie\.m2\repository\org\springframework\boot\spring-boot\2.1.8.RELEASE\spring-boot-2.1.8.RELEASE.jar;C:\Users\zrabie\.m2\repository\org\springframework\boot\spring-boot-autoconfigure\2.1.8.RELEASE\spring-boot-autoconfigure-2.1.8.RELEASE.jar;C:\Users\zrabie\.m2\repository\org\springframework\boot\spring-boot-starter-logging\2.1.8.RELEASE\spring-boot-starter-logging-2.1.8.RELEASE.jar;C:\Users\zrabie\.m2\repository\ch\qos\logback\logback-classic\1.2.3\logback-classic-1.2.3.jar;C:\Users\zrabie\.m2\repository\ch\qos\logback\logback-core\1.2.3\logback-core-1.2.3.jar;C:\Users\zrabie\.m2\repository\org\apache\logging\log4j\log4j-to-slf4j\2.11.2\log4j-to-slf4j-2.11.2.jar;C:\Users\zrabie\.m2\repository\org\apache\logging\log4j\log4j-api\2.11.2\log4j-api-2.11.2.jar;C:\Users\zrabie\.m2\repository\org\slf4j\jul-to-slf4j\1.7.28\jul-to-slf4j-1.7.28.jar;C:\Users\zrabie\.m2\repository\javax\annotation\javax.annotation-api\1.3.2\javax.annotation-api-1.3.2.jar;C:\Users\zrabie\.m2\repository\org\yaml\snakeyaml\1.23\snakeyaml-1.23.jar;C:\Users\zrabie\.m2\repository\org\springframework\spring-context-support\5.1.9.RELEASE\spring-context-support-5.1.9.RELEASE.jar;C:\Users\zrabie\.m2\repository\com\sun\mail\javax.mail\1.6.2\javax.mail-1.6.2.jar;C:\Users\zrabie\.m2\repository\javax\activation\activation\1.1\activation-1.1.jar;C:\Users\zrabie\.m2\repository\org\springframework\boot\spring-boot-starter-security\2.1.8.RELEASE\spring-boot-starter-security-2.1.8.RELEASE.jar;C:\Users\zrabie\.m2\repository\org\springframework\spring-aop\5.1.9.RELEASE\spring-aop-5.1.9.RELEASE.jar;C:\Users\zrabie\.m2\repository\org\springframework\security\spring-security-config\5.1.6.RELEASE\spring-security-config-5.1.6.RELEASE.jar;C:\Users\zrabie\.m2\repository\org\springframework\security\spring-security-web\5.1.6.RELEASE\spring-security-web-5.1.6.RELEASE.jar;C:\Users\zrabie\.m2\repository\org\springframework\spring-expression\5.1.9.RELEASE\spring-expression-5.1.9.RELEASE.jar;C:\Users\zrabie\.m2\repository\org\springframework\boot\spring-boot-starter-websocket\2.1.8.RELEASE\spring-boot-starter-websocket-2.1.8.RELEASE.jar;C:\Users\zrabie\.m2\repository\org\springframework\spring-messaging\5.1.9.RELEASE\spring-messaging-5.1.9.RELEASE.jar;C:\Users\zrabie\.m2\repository\org\springframework\spring-websocket\5.1.9.RELEASE\spring-websocket-5.1.9.RELEASE.jar;C:\Users\zrabie\.m2\repository\org\springframework\boot\spring-boot-starter-web\2.1.8.RELEASE\spring-boot-starter-web-2.1.8.RELEASE.jar;C:\Users\zrabie\.m2\repository\org\springframework\boot\spring-boot-starter-json\2.1.8.RELEASE\spring-boot-starter-json-2.1.8.RELEASE.jar;C:\Users\zrabie\.m2\repository\com\fasterxml\jackson\datatype\jackson-datatype-jdk8\2.9.9\jackson-datatype-jdk8-2.9.9.jar;C:\Users\zrabie\.m2\repository\com\fasterxml\jackson\datatype\jackson-datatype-jsr310\2.9.9\jackson-datatype-jsr310-2.9.9.jar;C:\Users\zrabie\.m2\repository\com\fasterxml\jackson\module\jackson-module-parameter-names\2.9.9\jackson-module-parameter-names-2.9.9.jar;C:\Users\zrabie\.m2\repository\org\springframework\boot\spring-boot-starter-tomcat\2.1.8.RELEASE\spring-boot-starter-tomcat-2.1.8.RELEASE.jar;C:\Users\zrabie\.m2\repository\org\apache\tomcat\embed\tomcat-embed-core\9.0.24\tomcat-embed-core-9.0.24.jar;C:\Users\zrabie\.m2\repository\org\apache\tomcat\embed\tomcat-embed-el\9.0.24\tomcat-embed-el-9.0.24.jar;C:\Users\zrabie\.m2\repository\org\apache\tomcat\embed\tomcat-embed-websocket\9.0.24\tomcat-embed-websocket-9.0.24.jar;C:\Users\zrabie\.m2\repository\org\hibernate\validator\hibernate-validator\6.0.17.Final\hibernate-validator-6.0.17.Final.jar;C:\Users\zrabie\.m2\repository\javax\validation\validation-api\2.0.1.Final\validation-api-2.0.1.Final.jar;C:\Users\zrabie\.m2\repository\org\springframework\spring-web\5.1.9.RELEASE\spring-web-5.1.9.RELEASE.jar;C:\Users\zrabie\.m2\repository\org\springframework\spring-webmvc\5.1.9.RELEASE\spring-webmvc-5.1.9.RELEASE.jar;C:\Users\zrabie\.m2\repository\mysql\mysql-connector-java\8.0.17\mysql-connector-java-8.0.17.jar;C:\Users\zrabie\.m2\repository\io\jsonwebtoken\jjwt\0.9.1\jjwt-0.9.1.jar;C:\Users\zrabie\.m2\repository\com\fasterxml\jackson\core\jackson-databind\2.9.9.3\jackson-databind-2.9.9.3.jar;C:\Users\zrabie\.m2\repository\com\fasterxml\jackson\core\jackson-annotations\2.9.0\jackson-annotations-2.9.0.jar;C:\Users\zrabie\.m2\repository\com\fasterxml\jackson\core\jackson-core\2.9.9\jackson-core-2.9.9.jar;C:\Users\zrabie\.m2\repository\org\springframework\spring-core\5.1.9.RELEASE\spring-core-5.1.9.RELEASE.jar;C:\Users\zrabie\.m2\repository\org\springframework\spring-jcl\5.1.9.RELEASE\spring-jcl-5.1.9.RELEASE.jar;C:\Users\zrabie\.m2\repository\commons-fileupload\commons-fileupload\1.4\commons-fileupload-1.4.jar;C:\Users\zrabie\.m2\repository\commons-io\commons-io\2.2\commons-io-2.2.jar;C:\Users\zrabie\.m2\repository\org\apache\pdfbox\pdfbox\2.0.24\pdfbox-2.0.24.jar;C:\Users\zrabie\.m2\repository\org\apache\pdfbox\fontbox\2.0.24\fontbox-2.0.24.jar;C:\Users\zrabie\.m2\repository\commons-logging\commons-logging\1.2\commons-logging-1.2.jar;C:\Users\zrabie\.m2\repository\org\springframework\security\spring-security-core\5.1.6.RELEASE\spring-security-core-5.1.6.RELEASE.jar;C:\Users\zrabie\.m2\repository\org\projectlombok\lombok\1.18.30\lombok-1.18.30.jar
Launcher Type: SUN_STANDARD

[Global flags]
     intx CICompilerCount                          = 4                                         {product} {ergonomic}
     uint ConcGCThreads                            = 3                                         {product} {ergonomic}
     uint G1ConcRefinementThreads                  = 10                                        {product} {ergonomic}
   size_t G1HeapRegionSize                         = 4194304                                   {product} {ergonomic}
   size_t InitialHeapSize                          = 398458880                                 {product} {ergonomic}
   size_t MarkStackSize                            = 4194304                                   {product} {ergonomic}
   size_t MaxHeapSize                              = 6362759168                                {product} {ergonomic}
   size_t MaxNewSize                               = 3816816640                                {product} {ergonomic}
   size_t MinHeapDeltaBytes                        = 4194304                                   {product} {ergonomic}
   size_t MinHeapSize                              = 8388608                                   {product} {ergonomic}
    uintx NonNMethodCodeHeapSize                   = 5839372                                {pd product} {ergonomic}
    uintx NonProfiledCodeHeapSize                  = 122909434                              {pd product} {ergonomic}
    uintx ProfiledCodeHeapSize                     = 122909434                              {pd product} {ergonomic}
    uintx ReservedCodeCacheSize                    = 251658240                              {pd product} {ergonomic}
     bool SegmentedCodeCache                       = true                                      {product} {ergonomic}
   size_t SoftMaxHeapSize                          = 6362759168                             {manageable} {ergonomic}
     bool UseCompressedOops                        = true                           {product lp64_product} {ergonomic}
     bool UseG1GC                                  = true                                      {product} {ergonomic}
     bool UseLargePagesIndividualAllocation        = false                                  {pd product} {ergonomic}

Logging:
Log output configuration:
 #0: stdout all=warning uptime,level,tags foldmultilines=false
 #1: stderr all=off uptime,level,tags foldmultilines=false

Environment Variables:
PATH=C:\wamp\www\seedoc\library\ImageMagick-7.0.11-Q16-HDRI;C:\Program Files\Common Files\Oracle\Java\javapath;C:\Windows\system32;C:\Windows;C:\Windows\System32\Wbem;C:\Windows\System32\WindowsPowerShell\v1.0\;C:\Windows\System32\OpenSSH\;C:\Program Files (x86)\NVIDIA Corporation\PhysX\Common;C:\Program Files\dotnet\;C:\Program Files\NVIDIA Corporation\NVIDIA NvDLISR;C:\ProgramData\ComposerSetup\bin;C:\Program Files (x86)\Microsoft SQL Server\160\Tools\Binn\;C:\Program Files\Microsoft SQL Server\160\Tools\Binn\;C:\Program Files\Microsoft SQL Server\Client SDK\ODBC\170\Tools\Binn\;C:\Program Files\Microsoft SQL Server\160\DTS\Binn\;C:\Program Files\Git\cmd;C:\Users\zrabie\AppData\Roaming\npm;C:\Program Files\nodejs\;C:\Program Files (x86)\Certbot\bin;C:\Program Files\Tesseract-OCR;C:\Users\zrabie\AppData\Local\Programs\Python\Python312\Scripts\;C:\Users\zrabie\AppData\Local\Programs\Python\Python312\;C:\Users\zrabie\AppData\Local\Programs\Python\Launcher\;C:\Users\zrabie\AppData\Local\Microsoft\WindowsApps;C:\Users\zrabie\AppData\Local\Programs\Microsoft VS Code\bin;C:\Program Files\JetBrains\IntelliJ IDEA 2024.1.1\bin;;C:\Users\zrabie\AppData\Roaming\npm;C:\Users\zrabie\AppData\Roaming\Composer\vendor\bin;C:\wamp\bin\php\php8.1.26;;C:\Program Files\JetBrains\IntelliJ IDEA Community Edition 2024.1.1\bin;
USERNAME=zrabie
OS=Windows_NT
PROCESSOR_IDENTIFIER=Intel64 Family 6 Model 186 Stepping 3, GenuineIntel
TMP=C:\Users\zrabie\AppData\Local\Temp
TEMP=C:\Users\zrabie\AppData\Local\Temp




Periodic native trim disabled

---------------  S Y S T E M  ---------------

OS:
 Windows 11 , 64 bit Build 22621 (10.0.22621.3672)
OS uptime: 5 days 4:43 hours
Hyper-V role detected

CPU: total 12 (initial active 12) (6 cores per cpu, 2 threads per core) family 6 model 186 stepping 3 microcode 0x4121, cx8, cmov, fxsr, ht, mmx, 3dnowpref, sse, sse2, sse3, ssse3, sse4.1, sse4.2, popcnt, lzcnt, tsc, tscinvbit, avx, avx2, aes, erms, clmul, bmi1, bmi2, adx, sha, fma, vzeroupper, clflush, clflushopt, clwb, hv, serialize, rdtscp, rdpid, fsrm, f16c, cet_ibt, cet_ss
Processor Information for processor 0
  Max Mhz: 1300, Current Mhz: 1300, Mhz Limit: 1300
Processor Information for processor 1
  Max Mhz: 1300, Current Mhz: 1300, Mhz Limit: 1300
Processor Information for processor 2
  Max Mhz: 1300, Current Mhz: 1300, Mhz Limit: 1300
Processor Information for processor 3
  Max Mhz: 1300, Current Mhz: 1300, Mhz Limit: 1300
Processor Information for processor 4
  Max Mhz: 1300, Current Mhz: 900, Mhz Limit: 897
Processor Information for processor 5
  Max Mhz: 1300, Current Mhz: 900, Mhz Limit: 897
Processor Information for processor 6
  Max Mhz: 1300, Current Mhz: 900, Mhz Limit: 897
Processor Information for processor 7
  Max Mhz: 1300, Current Mhz: 900, Mhz Limit: 897
Processor Information for processor 8
  Max Mhz: 1300, Current Mhz: 900, Mhz Limit: 897
Processor Information for processor 9
  Max Mhz: 1300, Current Mhz: 900, Mhz Limit: 897
Processor Information for processor 10
  Max Mhz: 1300, Current Mhz: 900, Mhz Limit: 897
Processor Information for processor 11
  Max Mhz: 1300, Current Mhz: 900, Mhz Limit: 897

Memory: 4k page, system-wide physical 24260M (3932M free)
TotalPageFile size 33780M (AvailPageFile size 5M)
current process WorkingSet (physical memory assigned to process): 342M, peak: 357M
current process commit charge ("private bytes"): 381M, peak: 543M

vm_info: OpenJDK 64-Bit Server VM (22+36-2370) for windows-amd64 JRE (22+36-2370), built on 2024-02-15T22:15:19Z by "mach5one" with MS VC++ 17.6 (VS2022)

END.
